-------------------------------------------------------------------------------
Test set: edu.yu.cs.com1320.project.stage4.OfficialDocumentStoreImplTest
-------------------------------------------------------------------------------
Tests run: 31, Failures: 4, Errors: 10, Skipped: 0, Time elapsed: 0.057 s <<< FAILURE! - in edu.yu.cs.com1320.project.stage4.OfficialDocumentStoreImplTest
edu.yu.cs.com1320.project.stage4.OfficialDocumentStoreImplTest.stage3SearchTxtByPrefix  Time elapsed: 0.002 s  <<< FAILURE!
org.opentest4j.AssertionFailedError: expected 2 match, received 0 ==> expected: <2> but was: <0>
	at edu.yu.cs.com1320.project.stage4.OfficialDocumentStoreImplTest.stage3SearchByPrefix(OfficialDocumentStoreImplTest.java:423)
	at edu.yu.cs.com1320.project.stage4.OfficialDocumentStoreImplTest.stage3SearchTxtByPrefix(OfficialDocumentStoreImplTest.java:372)

edu.yu.cs.com1320.project.stage4.OfficialDocumentStoreImplTest.stage4TestMaxDocBytesViaSearch  Time elapsed: 0.001 s  <<< ERROR!
java.lang.AbstractMethodError: Receiver class edu.yu.cs.com1320.project.stage5.impl.DocumentPersistenceManager does not define or inherit an implementation of the resolved method abstract serialize(Ljava/lang/Object;Ljava/lang/Object;)V of interface edu.yu.cs.com1320.project.stage5.PersistenceManager.
	at edu.yu.cs.com1320.project.stage4.OfficialDocumentStoreImplTest.stage4TestMaxDocBytesViaSearch(OfficialDocumentStoreImplTest.java:255)

edu.yu.cs.com1320.project.stage4.OfficialDocumentStoreImplTest.stage4TestMaxDocCountViaPut  Time elapsed: 0.001 s  <<< ERROR!
java.lang.AbstractMethodError: Receiver class edu.yu.cs.com1320.project.stage5.impl.DocumentPersistenceManager does not define or inherit an implementation of the resolved method abstract serialize(Ljava/lang/Object;Ljava/lang/Object;)V of interface edu.yu.cs.com1320.project.stage5.PersistenceManager.
	at edu.yu.cs.com1320.project.stage4.OfficialDocumentStoreImplTest.stage4TestMaxDocCountViaPut(OfficialDocumentStoreImplTest.java:156)

edu.yu.cs.com1320.project.stage4.OfficialDocumentStoreImplTest.stage4TestMaxDocsWhenDoubleMaxViaPut  Time elapsed: 0.001 s  <<< ERROR!
java.lang.AbstractMethodError: Receiver class edu.yu.cs.com1320.project.stage5.impl.DocumentPersistenceManager does not define or inherit an implementation of the resolved method abstract serialize(Ljava/lang/Object;Ljava/lang/Object;)V of interface edu.yu.cs.com1320.project.stage5.PersistenceManager.
	at edu.yu.cs.com1320.project.stage4.OfficialDocumentStoreImplTest.stage4TestMaxDocsWhenDoubleMaxViaPut(OfficialDocumentStoreImplTest.java:302)

edu.yu.cs.com1320.project.stage4.OfficialDocumentStoreImplTest.stage4TestMaxBytesWhenDoubleMaxViaPut  Time elapsed: 0.001 s  <<< ERROR!
java.lang.AbstractMethodError: Receiver class edu.yu.cs.com1320.project.stage5.impl.DocumentPersistenceManager does not define or inherit an implementation of the resolved method abstract serialize(Ljava/lang/Object;Ljava/lang/Object;)V of interface edu.yu.cs.com1320.project.stage5.PersistenceManager.
	at edu.yu.cs.com1320.project.stage4.OfficialDocumentStoreImplTest.stage4TestMaxBytesWhenDoubleMaxViaPut(OfficialDocumentStoreImplTest.java:321)

edu.yu.cs.com1320.project.stage4.OfficialDocumentStoreImplTest.stage4TestUndoAfterMaxBytes  Time elapsed: 0.001 s  <<< ERROR!
java.lang.AbstractMethodError: Receiver class edu.yu.cs.com1320.project.stage5.impl.DocumentPersistenceManager does not define or inherit an implementation of the resolved method abstract serialize(Ljava/lang/Object;Ljava/lang/Object;)V of interface edu.yu.cs.com1320.project.stage5.PersistenceManager.
	at edu.yu.cs.com1320.project.stage4.OfficialDocumentStoreImplTest.stage4TestUndoAfterMaxBytes(OfficialDocumentStoreImplTest.java:278)

edu.yu.cs.com1320.project.stage4.OfficialDocumentStoreImplTest.stage3SearchBinaryByPrefix  Time elapsed: 0.002 s  <<< FAILURE!
org.opentest4j.AssertionFailedError: expected 2 match, received 0 ==> expected: <2> but was: <0>
	at edu.yu.cs.com1320.project.stage4.OfficialDocumentStoreImplTest.stage3SearchByPrefix(OfficialDocumentStoreImplTest.java:423)
	at edu.yu.cs.com1320.project.stage4.OfficialDocumentStoreImplTest.stage3SearchBinaryByPrefix(OfficialDocumentStoreImplTest.java:377)

edu.yu.cs.com1320.project.stage4.OfficialDocumentStoreImplTest.stage4TestUndoAfterMaxDocCount  Time elapsed: 0.002 s  <<< ERROR!
java.lang.AbstractMethodError: Receiver class edu.yu.cs.com1320.project.stage5.impl.DocumentPersistenceManager does not define or inherit an implementation of the resolved method abstract serialize(Ljava/lang/Object;Ljava/lang/Object;)V of interface edu.yu.cs.com1320.project.stage5.PersistenceManager.
	at edu.yu.cs.com1320.project.stage4.OfficialDocumentStoreImplTest.stage4TestUndoAfterMaxDocCount(OfficialDocumentStoreImplTest.java:205)

edu.yu.cs.com1320.project.stage4.OfficialDocumentStoreImplTest.stage3SearchBinary  Time elapsed: 0.001 s  <<< FAILURE!
org.opentest4j.AssertionFailedError: expected 2 matches, received 0 ==> expected: <2> but was: <0>
	at edu.yu.cs.com1320.project.stage4.OfficialDocumentStoreImplTest.search(OfficialDocumentStoreImplTest.java:395)
	at edu.yu.cs.com1320.project.stage4.OfficialDocumentStoreImplTest.stage3SearchBinary(OfficialDocumentStoreImplTest.java:342)

edu.yu.cs.com1320.project.stage4.OfficialDocumentStoreImplTest.testDeleteDoc  Time elapsed: 0.001 s  <<< ERROR!
java.lang.NullPointerException
	at edu.yu.cs.com1320.project.stage4.OfficialDocumentStoreImplTest.testDeleteDoc(OfficialDocumentStoreImplTest.java:539)

edu.yu.cs.com1320.project.stage4.OfficialDocumentStoreImplTest.testDeleteDocReturnValue  Time elapsed: 0.001 s  <<< ERROR!
java.lang.NullPointerException
	at edu.yu.cs.com1320.project.stage4.OfficialDocumentStoreImplTest.testDeleteDocReturnValue(OfficialDocumentStoreImplTest.java:548)

edu.yu.cs.com1320.project.stage4.OfficialDocumentStoreImplTest.stage3Search  Time elapsed: 0.001 s  <<< FAILURE!
org.opentest4j.AssertionFailedError: expected 2 matches, received 0 ==> expected: <2> but was: <0>
	at edu.yu.cs.com1320.project.stage4.OfficialDocumentStoreImplTest.search(OfficialDocumentStoreImplTest.java:395)
	at edu.yu.cs.com1320.project.stage4.OfficialDocumentStoreImplTest.stage3Search(OfficialDocumentStoreImplTest.java:335)

edu.yu.cs.com1320.project.stage4.OfficialDocumentStoreImplTest.stage4TestMaxDocBytesViaPut  Time elapsed: 0.001 s  <<< ERROR!
java.lang.AbstractMethodError: Receiver class edu.yu.cs.com1320.project.stage5.impl.DocumentPersistenceManager does not define or inherit an implementation of the resolved method abstract serialize(Ljava/lang/Object;Ljava/lang/Object;)V of interface edu.yu.cs.com1320.project.stage5.PersistenceManager.
	at edu.yu.cs.com1320.project.stage4.OfficialDocumentStoreImplTest.stage4TestMaxDocBytesViaPut(OfficialDocumentStoreImplTest.java:229)

edu.yu.cs.com1320.project.stage4.OfficialDocumentStoreImplTest.stage4TestMaxDocCountViaSearch  Time elapsed: 0.001 s  <<< ERROR!
java.lang.AbstractMethodError: Receiver class edu.yu.cs.com1320.project.stage5.impl.DocumentPersistenceManager does not define or inherit an implementation of the resolved method abstract serialize(Ljava/lang/Object;Ljava/lang/Object;)V of interface edu.yu.cs.com1320.project.stage5.PersistenceManager.
	at edu.yu.cs.com1320.project.stage4.OfficialDocumentStoreImplTest.stage4TestMaxDocCountViaSearch(OfficialDocumentStoreImplTest.java:182)

