-------------------------------------------------------------------------------
Test set: edu.yu.cs.com1320.project.stage1.HashTableImpl2Test
-------------------------------------------------------------------------------
Tests run: 2, Failures: 0, Errors: 2, Skipped: 0, Time elapsed: 0.006 s <<< FAILURE! - in edu.yu.cs.com1320.project.stage1.HashTableImpl2Test
edu.yu.cs.com1320.project.stage1.HashTableImpl2Test.HashEqualButNotEqual  Time elapsed: 0 s  <<< ERROR!
java.lang.Error: 
Unresolved compilation problems: 
	HashTable cannot be resolved to a type
	HashTableImpl cannot be resolved to a type

	at edu.yu.cs.com1320.project.stage1.HashTableImpl2Test.HashEqualButNotEqual(HashTableImpl2Test.java:41)

edu.yu.cs.com1320.project.stage1.HashTableImpl2Test.hashTableDelNullPut  Time elapsed: 0 s  <<< ERROR!
java.lang.Error: 
Unresolved compilation problems: 
	HashTable cannot be resolved to a type
	HashTableImpl cannot be resolved to a type

	at edu.yu.cs.com1320.project.stage1.HashTableImpl2Test.hashTableDelNullPut(HashTableImpl2Test.java:13)

