-------------------------------------------------------------------------------
Test set: edu.yu.cs.com1320.project.stage4.OfficialUndoTest
-------------------------------------------------------------------------------
Tests run: 11, Failures: 3, Errors: 8, Skipped: 0, Time elapsed: 0.025 s <<< FAILURE! - in edu.yu.cs.com1320.project.stage4.OfficialUndoTest
edu.yu.cs.com1320.project.stage4.OfficialUndoTest.stage3PlainUndoThatImpactsMultiple  Time elapsed: 0.002 s  <<< FAILURE!
org.opentest4j.AssertionFailedError: document with URI http://edu.yu.cs/com1320/project/doc1should've been deleted ==> expected: <null> but was: <edu.yu.cs.com1320.project.stage5.impl.DocumentImpl@d5ba1f91>
	at edu.yu.cs.com1320.project.stage4.OfficialUndoTest.stage3PlainUndoThatImpactsMultiple(OfficialUndoTest.java:92)

edu.yu.cs.com1320.project.stage4.OfficialUndoTest.stage3UndoByURIThatImpactsEarlierThanLast  Time elapsed: 0.002 s  <<< FAILURE!
org.opentest4j.AssertionFailedError: document with URI http://edu.yu.cs/com1320/project/doc1should've been deleted ==> expected: <null> but was: <edu.yu.cs.com1320.project.stage5.impl.DocumentImpl@d5ba1f91>
	at edu.yu.cs.com1320.project.stage4.OfficialUndoTest.stage3UndoByURIThatImpactsEarlierThanLast(OfficialUndoTest.java:161)

edu.yu.cs.com1320.project.stage4.OfficialUndoTest.undoNthDeleteByURI  Time elapsed: 0.001 s  <<< ERROR!
java.lang.NullPointerException
	at edu.yu.cs.com1320.project.stage4.OfficialUndoTest.undoNthDeleteByURI(OfficialUndoTest.java:271)

edu.yu.cs.com1320.project.stage4.OfficialUndoTest.undoAfterOnePut  Time elapsed: 0.001 s  <<< ERROR!
java.lang.Error: 
Unresolved compilation problem: 
	The method updateMemoryForGetOrSearch(DocumentImpl) is undefined for the type DocumentStoreImpl

	at edu.yu.cs.com1320.project.stage4.OfficialUndoTest.undoAfterOnePut(OfficialUndoTest.java:189)

edu.yu.cs.com1320.project.stage4.OfficialUndoTest.stage3UndoByURIThatImpactsOne  Time elapsed: 0.001 s  <<< FAILURE!
org.opentest4j.AssertionFailedError: document with URI http://edu.yu.cs/com1320/project/doc1should've been deleted ==> expected: <null> but was: <edu.yu.cs.com1320.project.stage5.impl.DocumentImpl@d5ba1f91>
	at edu.yu.cs.com1320.project.stage4.OfficialUndoTest.stage3UndoByURIThatImpactsOne(OfficialUndoTest.java:124)

edu.yu.cs.com1320.project.stage4.OfficialUndoTest.undoNthPutByURI  Time elapsed: 0.001 s  <<< ERROR!
java.lang.IllegalStateException: ACTION NOT FOUND
	at edu.yu.cs.com1320.project.stage4.OfficialUndoTest.undoNthPutByURI(OfficialUndoTest.java:253)

edu.yu.cs.com1320.project.stage4.OfficialUndoTest.undoDelete  Time elapsed: 0.002 s  <<< ERROR!
java.lang.NullPointerException
	at edu.yu.cs.com1320.project.stage4.OfficialUndoTest.undoDelete(OfficialUndoTest.java:261)

edu.yu.cs.com1320.project.stage4.OfficialUndoTest.undoAfterMultiplePuts  Time elapsed: 0.002 s  <<< ERROR!
java.lang.Error: 
Unresolved compilation problem: 
	The method updateMemoryForGetOrSearch(DocumentImpl) is undefined for the type DocumentStoreImpl

	at edu.yu.cs.com1320.project.stage4.OfficialUndoTest.undoAfterMultiplePuts(OfficialUndoTest.java:221)

edu.yu.cs.com1320.project.stage4.OfficialUndoTest.undoOverwriteByURI  Time elapsed: 0.002 s  <<< ERROR!
java.lang.IllegalStateException: ACTION NOT FOUND
	at edu.yu.cs.com1320.project.stage4.OfficialUndoTest.undoOverwriteByURI(OfficialUndoTest.java:284)

edu.yu.cs.com1320.project.stage4.OfficialUndoTest.undoByURIWhenEmptyShouldThrow  Time elapsed: 0.001 s  <<< ERROR!
java.lang.Error: 
Unresolved compilation problem: 
	The method updateMemoryForGetOrSearch(DocumentImpl) is undefined for the type DocumentStoreImpl

	at edu.yu.cs.com1320.project.stage4.OfficialUndoTest.undoByURIWhenEmptyShouldThrow(OfficialUndoTest.java:211)

edu.yu.cs.com1320.project.stage4.OfficialUndoTest.undoWhenEmptyShouldThrow  Time elapsed: 0.002 s  <<< ERROR!
java.lang.Error: 
Unresolved compilation problem: 
	The method updateMemoryForGetOrSearch(DocumentImpl) is undefined for the type DocumentStoreImpl

	at edu.yu.cs.com1320.project.stage4.OfficialUndoTest.undoWhenEmptyShouldThrow(OfficialUndoTest.java:202)

