-------------------------------------------------------------------------------
Test set: edu.yu.cs.com1320.project.stage1.DocumentStoreImpl1Test
-------------------------------------------------------------------------------
Tests run: 5, Failures: 0, Errors: 2, Skipped: 0, Time elapsed: 0.069 s <<< FAILURE! - in edu.yu.cs.com1320.project.stage1.DocumentStoreImpl1Test
edu.yu.cs.com1320.project.stage1.DocumentStoreImpl1Test.testGetAndPutReturnValues  Time elapsed: 0.008 s  <<< ERROR!
java.util.NoSuchElementException
	at edu.yu.cs.com1320.project.stage1.DocumentStoreImpl1Test.testGetAndPutReturnValues(DocumentStoreImpl1Test.java:165)

edu.yu.cs.com1320.project.stage1.DocumentStoreImpl1Test.testDelete  Time elapsed: 0.001 s  <<< ERROR!
java.lang.NullPointerException
	at edu.yu.cs.com1320.project.stage1.DocumentStoreImpl1Test.testDelete(DocumentStoreImpl1Test.java:229)

