-------------------------------------------------------------------------------
Test set: edu.yu.cs.com1320.project.stage1.HashTableImpl1Test
-------------------------------------------------------------------------------
Tests run: 4, Failures: 0, Errors: 4, Skipped: 0, Time elapsed: 0.007 s <<< FAILURE! - in edu.yu.cs.com1320.project.stage1.HashTableImpl1Test
edu.yu.cs.com1320.project.stage1.HashTableImpl1Test.hashTableImplReplacementTest  Time elapsed: 0.001 s  <<< ERROR!
java.lang.Error: 
Unresolved compilation problems: 
	HashTable cannot be resolved to a type
	HashTableImpl cannot be resolved to a type

	at edu.yu.cs.com1320.project.stage1.HashTableImpl1Test.hashTableImplReplacementTest(HashTableImpl1Test.java:61)

edu.yu.cs.com1320.project.stage1.HashTableImpl1Test.hashTableImplSimplePutAndGet  Time elapsed: 0.001 s  <<< ERROR!
java.lang.Error: 
Unresolved compilation problems: 
	HashTable cannot be resolved to a type
	HashTableImpl cannot be resolved to a type

	at edu.yu.cs.com1320.project.stage1.HashTableImpl1Test.hashTableImplSimplePutAndGet(HashTableImpl1Test.java:16)

edu.yu.cs.com1320.project.stage1.HashTableImpl1Test.hashTableImplALotOfInfoTest  Time elapsed: 0.001 s  <<< ERROR!
java.lang.Error: 
Unresolved compilation problems: 
	HashTable cannot be resolved to a type
	HashTableImpl cannot be resolved to a type

	at edu.yu.cs.com1320.project.stage1.HashTableImpl1Test.hashTableImplALotOfInfoTest(HashTableImpl1Test.java:33)

edu.yu.cs.com1320.project.stage1.HashTableImpl1Test.hashTableImplCollisionTest  Time elapsed: 0.001 s  <<< ERROR!
java.lang.Error: 
Unresolved compilation problems: 
	HashTable cannot be resolved to a type
	HashTableImpl cannot be resolved to a type

	at edu.yu.cs.com1320.project.stage1.HashTableImpl1Test.hashTableImplCollisionTest(HashTableImpl1Test.java:47)

