-------------------------------------------------------------------------------
Test set: edu.yu.cs.com1320.project.stage1.OfficialDocumentAPITest
-------------------------------------------------------------------------------
Tests run: 9, Failures: 1, Errors: 0, Skipped: 0, Time elapsed: 0.015 s <<< FAILURE! - in edu.yu.cs.com1320.project.stage1.OfficialDocumentAPITest
edu.yu.cs.com1320.project.stage1.OfficialDocumentAPITest.methodCount  Time elapsed: 0.002 s  <<< FAILURE!
org.opentest4j.AssertionFailedError: expected: <true> but was: <false>
	at edu.yu.cs.com1320.project.stage1.OfficialDocumentAPITest.methodCount(OfficialDocumentAPITest.java:36)

