-------------------------------------------------------------------------------
Test set: edu.yu.cs.com1320.project.stage3.OfficialDocumentStoreImplTest
-------------------------------------------------------------------------------
Tests run: 18, Failures: 4, Errors: 2, Skipped: 0, Time elapsed: 0.034 s <<< FAILURE! - in edu.yu.cs.com1320.project.stage3.OfficialDocumentStoreImplTest
edu.yu.cs.com1320.project.stage3.OfficialDocumentStoreImplTest.stage3SearchTxtByPrefix  Time elapsed: 0.002 s  <<< FAILURE!
org.opentest4j.AssertionFailedError: expected 2 matches, received 0 ==> expected: <2> but was: <0>
	at edu.yu.cs.com1320.project.stage3.OfficialDocumentStoreImplTest.stage3SearchByPrefix(OfficialDocumentStoreImplTest.java:163)
	at edu.yu.cs.com1320.project.stage3.OfficialDocumentStoreImplTest.stage3SearchTxtByPrefix(OfficialDocumentStoreImplTest.java:112)

edu.yu.cs.com1320.project.stage3.OfficialDocumentStoreImplTest.stage3SearchBinaryByPrefix  Time elapsed: 0.002 s  <<< FAILURE!
org.opentest4j.AssertionFailedError: expected 2 matches, received 0 ==> expected: <2> but was: <0>
	at edu.yu.cs.com1320.project.stage3.OfficialDocumentStoreImplTest.stage3SearchByPrefix(OfficialDocumentStoreImplTest.java:163)
	at edu.yu.cs.com1320.project.stage3.OfficialDocumentStoreImplTest.stage3SearchBinaryByPrefix(OfficialDocumentStoreImplTest.java:117)

edu.yu.cs.com1320.project.stage3.OfficialDocumentStoreImplTest.stage3SearchBinary  Time elapsed: 0.001 s  <<< FAILURE!
org.opentest4j.AssertionFailedError: expected 2 matches, received 0 ==> expected: <2> but was: <0>
	at edu.yu.cs.com1320.project.stage3.OfficialDocumentStoreImplTest.search(OfficialDocumentStoreImplTest.java:135)
	at edu.yu.cs.com1320.project.stage3.OfficialDocumentStoreImplTest.stage3SearchBinary(OfficialDocumentStoreImplTest.java:82)

edu.yu.cs.com1320.project.stage3.OfficialDocumentStoreImplTest.testDeleteDoc  Time elapsed: 0.003 s  <<< ERROR!
java.lang.NullPointerException
	at edu.yu.cs.com1320.project.stage3.OfficialDocumentStoreImplTest.testDeleteDoc(OfficialDocumentStoreImplTest.java:279)

edu.yu.cs.com1320.project.stage3.OfficialDocumentStoreImplTest.testDeleteDocReturnValue  Time elapsed: 0.001 s  <<< ERROR!
java.lang.NullPointerException
	at edu.yu.cs.com1320.project.stage3.OfficialDocumentStoreImplTest.testDeleteDocReturnValue(OfficialDocumentStoreImplTest.java:288)

edu.yu.cs.com1320.project.stage3.OfficialDocumentStoreImplTest.stage3Search  Time elapsed: 0.002 s  <<< FAILURE!
org.opentest4j.AssertionFailedError: expected 2 matches, received 0 ==> expected: <2> but was: <0>
	at edu.yu.cs.com1320.project.stage3.OfficialDocumentStoreImplTest.search(OfficialDocumentStoreImplTest.java:135)
	at edu.yu.cs.com1320.project.stage3.OfficialDocumentStoreImplTest.stage3Search(OfficialDocumentStoreImplTest.java:75)

