-------------------------------------------------------------------------------
Test set: edu.yu.cs.com1320.project.stage2.OfficialStackAndCommandImplTest
-------------------------------------------------------------------------------
Tests run: 1, Failures: 0, Errors: 1, Skipped: 0, Time elapsed: 0.001 s <<< FAILURE! - in edu.yu.cs.com1320.project.stage2.OfficialStackAndCommandImplTest
edu.yu.cs.com1320.project.stage2.OfficialStackAndCommandImplTest  Time elapsed: 0.001 s  <<< ERROR!
java.lang.NoClassDefFoundError: LCommand;
Caused by: java.lang.ClassNotFoundException: Command

