-------------------------------------------------------------------------------
Test set: edu.yu.cs.com1320.project.stage3.OfficialHashTableAPITest
-------------------------------------------------------------------------------
Tests run: 7, Failures: 0, Errors: 7, Skipped: 0, Time elapsed: 0.013 s <<< FAILURE! - in edu.yu.cs.com1320.project.stage3.OfficialHashTableAPITest
edu.yu.cs.com1320.project.stage3.OfficialHashTableAPITest.interfaceCount  Time elapsed: 0 s  <<< ERROR!
java.lang.Error: 
Unresolved compilation problem: 
	HashTableImpl cannot be resolved to a type

	at edu.yu.cs.com1320.project.stage3.OfficialHashTableAPITest.interfaceCount(OfficialHashTableAPITest.java:19)

edu.yu.cs.com1320.project.stage3.OfficialHashTableAPITest.methodCount  Time elapsed: 0.003 s  <<< ERROR!
java.lang.Error: 
Unresolved compilation problem: 
	HashTableImpl cannot be resolved to a type

	at edu.yu.cs.com1320.project.stage3.OfficialHashTableAPITest.methodCount(OfficialHashTableAPITest.java:26)

edu.yu.cs.com1320.project.stage3.OfficialHashTableAPITest.putExists  Time elapsed: 0.001 s  <<< ERROR!
java.lang.Error: 
Unresolved compilation problem: 
	HashTableImpl cannot be resolved to a type

	at edu.yu.cs.com1320.project.stage3.OfficialHashTableAPITest.putExists(OfficialHashTableAPITest.java:65)

edu.yu.cs.com1320.project.stage3.OfficialHashTableAPITest.subClassCount  Time elapsed: 0 s  <<< ERROR!
java.lang.Error: 
Unresolved compilation problem: 
	HashTableImpl cannot be resolved to a type

	at edu.yu.cs.com1320.project.stage3.OfficialHashTableAPITest.subClassCount(OfficialHashTableAPITest.java:53)

edu.yu.cs.com1320.project.stage3.OfficialHashTableAPITest.getExists  Time elapsed: 0.001 s  <<< ERROR!
java.lang.Error: 
Unresolved compilation problem: 
	HashTableImpl cannot be resolved to a type

	at edu.yu.cs.com1320.project.stage3.OfficialHashTableAPITest.getExists(OfficialHashTableAPITest.java:72)

edu.yu.cs.com1320.project.stage3.OfficialHashTableAPITest.fieldCount  Time elapsed: 0.001 s  <<< ERROR!
java.lang.Error: 
Unresolved compilation problem: 
	HashTableImpl cannot be resolved to a type

	at edu.yu.cs.com1320.project.stage3.OfficialHashTableAPITest.fieldCount(OfficialHashTableAPITest.java:40)

edu.yu.cs.com1320.project.stage3.OfficialHashTableAPITest.constructorExists  Time elapsed: 0.001 s  <<< ERROR!
java.lang.Error: 
Unresolved compilation problem: 
	HashTableImpl cannot be resolved to a type

	at edu.yu.cs.com1320.project.stage3.OfficialHashTableAPITest.constructorExists(OfficialHashTableAPITest.java:59)

