-------------------------------------------------------------------------------
Test set: edu.yu.cs.com1320.project.stage3.OfficialDocumentAPITest
-------------------------------------------------------------------------------
Tests run: 10, Failures: 1, Errors: 0, Skipped: 0, Time elapsed: 0.011 s <<< FAILURE! - in edu.yu.cs.com1320.project.stage3.OfficialDocumentAPITest
edu.yu.cs.com1320.project.stage3.OfficialDocumentAPITest.methodCount  Time elapsed: 0.001 s  <<< FAILURE!
org.opentest4j.AssertionFailedError: expected: <true> but was: <false>
	at edu.yu.cs.com1320.project.stage3.OfficialDocumentAPITest.methodCount(OfficialDocumentAPITest.java:37)

