-------------------------------------------------------------------------------
Test set: edu.yu.cs.com1320.project.stage3.OfficialUndoTest
-------------------------------------------------------------------------------
Tests run: 11, Failures: 3, Errors: 8, Skipped: 0, Time elapsed: 0.027 s <<< FAILURE! - in edu.yu.cs.com1320.project.stage3.OfficialUndoTest
edu.yu.cs.com1320.project.stage3.OfficialUndoTest.stage3PlainUndoThatImpactsMultiple  Time elapsed: 0.002 s  <<< FAILURE!
org.opentest4j.AssertionFailedError: document with URI http://edu.yu.cs/com1320/project/doc1should've been deleted ==> expected: <null> but was: <edu.yu.cs.com1320.project.stage5.impl.DocumentImpl@d5ba1f91>
	at edu.yu.cs.com1320.project.stage3.OfficialUndoTest.stage3PlainUndoThatImpactsMultiple(OfficialUndoTest.java:93)

edu.yu.cs.com1320.project.stage3.OfficialUndoTest.stage3UndoByURIThatImpactsEarlierThanLast  Time elapsed: 0.002 s  <<< FAILURE!
org.opentest4j.AssertionFailedError: document with URI http://edu.yu.cs/com1320/project/doc1should've been deleted ==> expected: <null> but was: <edu.yu.cs.com1320.project.stage5.impl.DocumentImpl@d5ba1f91>
	at edu.yu.cs.com1320.project.stage3.OfficialUndoTest.stage3UndoByURIThatImpactsEarlierThanLast(OfficialUndoTest.java:162)

edu.yu.cs.com1320.project.stage3.OfficialUndoTest.undoNthDeleteByURI  Time elapsed: 0.001 s  <<< ERROR!
java.lang.NullPointerException
	at edu.yu.cs.com1320.project.stage3.OfficialUndoTest.undoNthDeleteByURI(OfficialUndoTest.java:272)

edu.yu.cs.com1320.project.stage3.OfficialUndoTest.undoAfterOnePut  Time elapsed: 0.001 s  <<< ERROR!
java.lang.Error: 
Unresolved compilation problem: 
	The method updateMemoryForGetOrSearch(DocumentImpl) is undefined for the type DocumentStoreImpl

	at edu.yu.cs.com1320.project.stage3.OfficialUndoTest.undoAfterOnePut(OfficialUndoTest.java:190)

edu.yu.cs.com1320.project.stage3.OfficialUndoTest.stage3UndoByURIThatImpactsOne  Time elapsed: 0.002 s  <<< FAILURE!
org.opentest4j.AssertionFailedError: document with URI http://edu.yu.cs/com1320/project/doc1should've been deleted ==> expected: <null> but was: <edu.yu.cs.com1320.project.stage5.impl.DocumentImpl@d5ba1f91>
	at edu.yu.cs.com1320.project.stage3.OfficialUndoTest.stage3UndoByURIThatImpactsOne(OfficialUndoTest.java:125)

edu.yu.cs.com1320.project.stage3.OfficialUndoTest.undoNthPutByURI  Time elapsed: 0.002 s  <<< ERROR!
java.lang.IllegalStateException: ACTION NOT FOUND
	at edu.yu.cs.com1320.project.stage3.OfficialUndoTest.undoNthPutByURI(OfficialUndoTest.java:254)

edu.yu.cs.com1320.project.stage3.OfficialUndoTest.undoDelete  Time elapsed: 0.001 s  <<< ERROR!
java.lang.NullPointerException
	at edu.yu.cs.com1320.project.stage3.OfficialUndoTest.undoDelete(OfficialUndoTest.java:262)

edu.yu.cs.com1320.project.stage3.OfficialUndoTest.undoAfterMultiplePuts  Time elapsed: 0.002 s  <<< ERROR!
java.lang.Error: 
Unresolved compilation problem: 
	The method updateMemoryForGetOrSearch(DocumentImpl) is undefined for the type DocumentStoreImpl

	at edu.yu.cs.com1320.project.stage3.OfficialUndoTest.undoAfterMultiplePuts(OfficialUndoTest.java:222)

edu.yu.cs.com1320.project.stage3.OfficialUndoTest.undoOverwriteByURI  Time elapsed: 0.002 s  <<< ERROR!
java.lang.IllegalStateException: ACTION NOT FOUND
	at edu.yu.cs.com1320.project.stage3.OfficialUndoTest.undoOverwriteByURI(OfficialUndoTest.java:285)

edu.yu.cs.com1320.project.stage3.OfficialUndoTest.undoByURIWhenEmptyShouldThrow  Time elapsed: 0.001 s  <<< ERROR!
java.lang.Error: 
Unresolved compilation problem: 
	The method updateMemoryForGetOrSearch(DocumentImpl) is undefined for the type DocumentStoreImpl

	at edu.yu.cs.com1320.project.stage3.OfficialUndoTest.undoByURIWhenEmptyShouldThrow(OfficialUndoTest.java:212)

edu.yu.cs.com1320.project.stage3.OfficialUndoTest.undoWhenEmptyShouldThrow  Time elapsed: 0.001 s  <<< ERROR!
java.lang.Error: 
Unresolved compilation problem: 
	The method updateMemoryForGetOrSearch(DocumentImpl) is undefined for the type DocumentStoreImpl

	at edu.yu.cs.com1320.project.stage3.OfficialUndoTest.undoWhenEmptyShouldThrow(OfficialUndoTest.java:203)

