-------------------------------------------------------------------------------
Test set: edu.yu.cs.com1320.project.stage2.OfficialUndoTest
-------------------------------------------------------------------------------
Tests run: 8, Failures: 0, Errors: 8, Skipped: 0, Time elapsed: 0.025 s <<< FAILURE! - in edu.yu.cs.com1320.project.stage2.OfficialUndoTest
edu.yu.cs.com1320.project.stage2.OfficialUndoTest.undoNthDeleteByURI  Time elapsed: 0.002 s  <<< ERROR!
java.lang.NullPointerException
	at edu.yu.cs.com1320.project.stage2.OfficialUndoTest.undoNthDeleteByURI(OfficialUndoTest.java:166)

edu.yu.cs.com1320.project.stage2.OfficialUndoTest.undoAfterOnePut  Time elapsed: 0.002 s  <<< ERROR!
java.lang.Error: 
Unresolved compilation problem: 
	The method updateMemoryForGetOrSearch(DocumentImpl) is undefined for the type DocumentStoreImpl

	at edu.yu.cs.com1320.project.stage2.OfficialUndoTest.undoAfterOnePut(OfficialUndoTest.java:84)

edu.yu.cs.com1320.project.stage2.OfficialUndoTest.undoNthPutByURI  Time elapsed: 0.002 s  <<< ERROR!
java.lang.IllegalStateException: ACTION NOT FOUND
	at edu.yu.cs.com1320.project.stage2.OfficialUndoTest.undoNthPutByURI(OfficialUndoTest.java:148)

edu.yu.cs.com1320.project.stage2.OfficialUndoTest.undoDelete  Time elapsed: 0.002 s  <<< ERROR!
java.lang.NullPointerException
	at edu.yu.cs.com1320.project.stage2.OfficialUndoTest.undoDelete(OfficialUndoTest.java:156)

edu.yu.cs.com1320.project.stage2.OfficialUndoTest.undoAfterMultiplePuts  Time elapsed: 0.001 s  <<< ERROR!
java.lang.Error: 
Unresolved compilation problem: 
	The method updateMemoryForGetOrSearch(DocumentImpl) is undefined for the type DocumentStoreImpl

	at edu.yu.cs.com1320.project.stage2.OfficialUndoTest.undoAfterMultiplePuts(OfficialUndoTest.java:116)

edu.yu.cs.com1320.project.stage2.OfficialUndoTest.undoOverwriteByURI  Time elapsed: 0.003 s  <<< ERROR!
java.lang.IllegalStateException: ACTION NOT FOUND
	at edu.yu.cs.com1320.project.stage2.OfficialUndoTest.undoOverwriteByURI(OfficialUndoTest.java:179)

edu.yu.cs.com1320.project.stage2.OfficialUndoTest.undoByURIWhenEmptyShouldThrow  Time elapsed: 0.002 s  <<< ERROR!
java.lang.Error: 
Unresolved compilation problem: 
	The method updateMemoryForGetOrSearch(DocumentImpl) is undefined for the type DocumentStoreImpl

	at edu.yu.cs.com1320.project.stage2.OfficialUndoTest.undoByURIWhenEmptyShouldThrow(OfficialUndoTest.java:106)

edu.yu.cs.com1320.project.stage2.OfficialUndoTest.undoWhenEmptyShouldThrow  Time elapsed: 0.002 s  <<< ERROR!
java.lang.Error: 
Unresolved compilation problem: 
	The method updateMemoryForGetOrSearch(DocumentImpl) is undefined for the type DocumentStoreImpl

	at edu.yu.cs.com1320.project.stage2.OfficialUndoTest.undoWhenEmptyShouldThrow(OfficialUndoTest.java:97)

