-------------------------------------------------------------------------------
Test set: edu.yu.cs.com1320.project.stage3.DocumentStoreSearchTest
-------------------------------------------------------------------------------
Tests run: 9, Failures: 6, Errors: 3, Skipped: 0, Time elapsed: 0.026 s <<< FAILURE! - in edu.yu.cs.com1320.project.stage3.DocumentStoreSearchTest
edu.yu.cs.com1320.project.stage3.DocumentStoreSearchTest.basicSearchDeleteTest  Time elapsed: 0.002 s  <<< FAILURE!
org.opentest4j.AssertionFailedError: expected: <1> but was: <0>
	at edu.yu.cs.com1320.project.stage3.DocumentStoreSearchTest.basicSearchDeleteTest(DocumentStoreSearchTest.java:65)

edu.yu.cs.com1320.project.stage3.DocumentStoreSearchTest.testUndoCommandSet2  Time elapsed: 0.002 s  <<< ERROR!
java.lang.IllegalStateException: ACTION NOT FOUND
	at edu.yu.cs.com1320.project.stage3.DocumentStoreSearchTest.testUndoCommandSet2(DocumentStoreSearchTest.java:176)

edu.yu.cs.com1320.project.stage3.DocumentStoreSearchTest.testUndoCommandSet  Time elapsed: 0.002 s  <<< FAILURE!
org.opentest4j.AssertionFailedError: expected: <2> but was: <0>
	at edu.yu.cs.com1320.project.stage3.DocumentStoreSearchTest.testUndoCommandSet(DocumentStoreSearchTest.java:155)

edu.yu.cs.com1320.project.stage3.DocumentStoreSearchTest.testDeleteAndDeleteAll  Time elapsed: 0.001 s  <<< FAILURE!
org.opentest4j.AssertionFailedError: expected: <2> but was: <0>
	at edu.yu.cs.com1320.project.stage3.DocumentStoreSearchTest.testDeleteAndDeleteAll(DocumentStoreSearchTest.java:111)

edu.yu.cs.com1320.project.stage3.DocumentStoreSearchTest.basicPutOverwriteTest  Time elapsed: 0.002 s  <<< FAILURE!
org.opentest4j.AssertionFailedError: expected: <2> but was: <0>
	at edu.yu.cs.com1320.project.stage3.DocumentStoreSearchTest.basicPutOverwriteTest(DocumentStoreSearchTest.java:101)

edu.yu.cs.com1320.project.stage3.DocumentStoreSearchTest.basicSearchAndOrganizationTest  Time elapsed: 0.001 s  <<< FAILURE!
org.opentest4j.AssertionFailedError: expected: <1> but was: <0>
	at edu.yu.cs.com1320.project.stage3.DocumentStoreSearchTest.basicSearchAndOrganizationTest(DocumentStoreSearchTest.java:52)

edu.yu.cs.com1320.project.stage3.DocumentStoreSearchTest.testUndoWithArgs  Time elapsed: 0.001 s  <<< FAILURE!
org.opentest4j.AssertionFailedError: expected: <1> but was: <0>
	at edu.yu.cs.com1320.project.stage3.DocumentStoreSearchTest.testUndoWithArgs(DocumentStoreSearchTest.java:144)

edu.yu.cs.com1320.project.stage3.DocumentStoreSearchTest.testUndoNoArgs  Time elapsed: 0.001 s  <<< ERROR!
java.lang.Error: 
Unresolved compilation problem: 
	The method updateMemoryForGetOrSearch(DocumentImpl) is undefined for the type DocumentStoreImpl

	at edu.yu.cs.com1320.project.stage3.DocumentStoreSearchTest.testUndoNoArgs(DocumentStoreSearchTest.java:128)

edu.yu.cs.com1320.project.stage3.DocumentStoreSearchTest.removeCommandSet  Time elapsed: 0.003 s  <<< ERROR!
java.lang.IllegalStateException: ACTION NOT FOUND
	at edu.yu.cs.com1320.project.stage3.DocumentStoreSearchTest.removeCommandSet(DocumentStoreSearchTest.java:199)

