<?xml version="1.0" encoding="UTF-8"?>
<testsuite xmlns:xsi="http://www.w3.org/2001/XMLSchema-instance" xsi:noNamespaceSchemaLocation="https://maven.apache.org/surefire/maven-surefire-plugin/xsd/surefire-test-report-3.0.xsd" version="3.0" name="edu.yu.cs.com1320.project.AviTest" time="0.02" tests="7" errors="0" skipped="0" failures="0">
  <properties>
[...]
</properties>
  <testcase name="hashTableImplReplacementTest" classname="edu.yu.cs.com1320.project.AviTest" time="0.005"/>
  <testcase name="basicCollision" classname="edu.yu.cs.com1320.project.AviTest" time="0"/>
  <testcase name="hashTableImplReplacementTest2" classname="edu.yu.cs.com1320.project.AviTest" time="0"/>
  <testcase name="hashTableImplSimplePutAndGet" classname="edu.yu.cs.com1320.project.AviTest" time="0.001"/>
  <testcase name="hashTableImplALotOfInfoTest" classname="edu.yu.cs.com1320.project.AviTest" time="0.007"/>
  <testcase name="hashTableImplCollisionTest" classname="edu.yu.cs.com1320.project.AviTest" time="0.001"/>
  <testcase name="docTest" classname="edu.yu.cs.com1320.project.AviTest" time="0.002"/>
</testsuite>