<?xml version="1.0" encoding="UTF-8"?>
<testsuite xmlns:xsi="http://www.w3.org/2001/XMLSchema-instance" xsi:noNamespaceSchemaLocation="https://maven.apache.org/surefire/maven-surefire-plugin/xsd/surefire-test-report-3.0.xsd" version="3.0" name="edu.yu.cs.com1320.project.stage3.TrieImplEdgeCaseTest" time="0.012" tests="5" errors="0" skipped="0" failures="0">
  <properties>
[...]
</properties>
  <testcase name="testGetAllPrefixSorted" classname="edu.yu.cs.com1320.project.stage3.TrieImplEdgeCaseTest" time="0.003"/>
  <testcase name="testPut" classname="edu.yu.cs.com1320.project.stage3.TrieImplEdgeCaseTest" time="0.002"/>
  <testcase name="testDeleteWithPrefix" classname="edu.yu.cs.com1320.project.stage3.TrieImplEdgeCaseTest" time="0.002"/>
  <testcase name="testDeleteAll" classname="edu.yu.cs.com1320.project.stage3.TrieImplEdgeCaseTest" time="0.002"/>
  <testcase name="testGetAllSorted" classname="edu.yu.cs.com1320.project.stage3.TrieImplEdgeCaseTest" time="0.002"/>
</testsuite>