<?xml version="1.0" encoding="UTF-8"?>
<testsuite xmlns:xsi="http://www.w3.org/2001/XMLSchema-instance" xsi:noNamespaceSchemaLocation="https://maven.apache.org/surefire/maven-surefire-plugin/xsd/surefire-test-report-3.0.xsd" version="3.0" name="edu.yu.cs.com1320.project.stage2.RadinskyDocStoreTest" time="0.014" tests="6" errors="4" skipped="0" failures="1">
  <properties>
[...]
</properties>
  <testcase name="testUndo" classname="edu.yu.cs.com1320.project.stage2.RadinskyDocStoreTest" time="0.004">
    <error type="java.lang.Error"><![CDATA[java.lang.Error: 
Unresolved compilation problem: 
	The method updateMemoryForGetOrSearch(DocumentImpl) is undefined for the type DocumentStoreImpl

	at edu.yu.cs.com1320.project.stage2.RadinskyDocStoreTest.testUndo(RadinskyDocStoreTest.java:71)
]]></error>
  </testcase>
  <testcase name="hasParameterlessPublicConstructorTestHashTable" classname="edu.yu.cs.com1320.project.stage2.RadinskyDocStoreTest" time="0">
    <error type="java.lang.Error"><![CDATA[java.lang.Error: 
Unresolved compilation problem: 
	HashTableImpl cannot be resolved to a type

	at edu.yu.cs.com1320.project.stage2.RadinskyDocStoreTest.hasParameterlessPublicConstructorTestHashTable(RadinskyDocStoreTest.java:89)
]]></error>
  </testcase>
  <testcase name="testUndoWithEmptyStack" classname="edu.yu.cs.com1320.project.stage2.RadinskyDocStoreTest" time="0.002">
    <failure type="org.opentest4j.AssertionFailedError"><![CDATA[org.opentest4j.AssertionFailedError: Unexpected exception type thrown ==> expected: <java.lang.IllegalStateException> but was: <java.lang.Error>
	at edu.yu.cs.com1320.project.stage2.RadinskyDocStoreTest.testUndoWithEmptyStack(RadinskyDocStoreTest.java:137)
Caused by: java.lang.Error: 
Unresolved compilation problem: 
	The method updateMemoryForGetOrSearch(DocumentImpl) is undefined for the type DocumentStoreImpl

	at edu.yu.cs.com1320.project.stage2.RadinskyDocStoreTest.lambda$0(RadinskyDocStoreTest.java:138)
	at edu.yu.cs.com1320.project.stage2.RadinskyDocStoreTest.testUndoWithEmptyStack(RadinskyDocStoreTest.java:137)
]]></failure>
  </testcase>
  <testcase name="testParameterLessUndoOnDoc" classname="edu.yu.cs.com1320.project.stage2.RadinskyDocStoreTest" time="0.001">
    <error type="java.lang.Error"><![CDATA[java.lang.Error: 
Unresolved compilation problem: 
	The method updateMemoryForGetOrSearch(DocumentImpl) is undefined for the type DocumentStoreImpl

	at edu.yu.cs.com1320.project.stage2.RadinskyDocStoreTest.testParameterLessUndoOnDoc(RadinskyDocStoreTest.java:115)
]]></error>
  </testcase>
  <testcase name="testParameterUndoOnDoc" classname="edu.yu.cs.com1320.project.stage2.RadinskyDocStoreTest" time="0.001">
    <error type="java.lang.IllegalStateException"><![CDATA[java.lang.IllegalStateException: ACTION NOT FOUND
	at edu.yu.cs.com1320.project.stage2.RadinskyDocStoreTest.testParameterUndoOnDoc(RadinskyDocStoreTest.java:131)
]]></error>
  </testcase>
  <testcase name="hasParameterlessPublicConstructorTestStack" classname="edu.yu.cs.com1320.project.stage2.RadinskyDocStoreTest" time="0"/>
</testsuite>